{"synthetic": false,
 "schemaVersion": "2025-09-10",
 "outputs": null,
 "log":
 [{"message":
   ".> ELAN=elan ELAN_HOME=/Users/oembo/.elan ELAN_TOOLCHAIN=leanprover/lean4:v4.28.0 LAKE=/Users/oembo/.elan/toolchains/leanprover--lean4---v4.28.0/bin/lake LAKE_HOME=/Users/oembo/.elan/toolchains/leanprover--lean4---v4.28.0 LAKE_PKG_URL_MAP={} LAKE_NO_CACHE=false LAKE_CACHE_KEY= LAKE_CACHE_ARTIFACT_ENDPOINT= LAKE_CACHE_REVISION_ENDPOINT= LEAN=/Users/oembo/.elan/toolchains/leanprover--lean4---v4.28.0/bin/lean LEAN_SYSROOT=/Users/oembo/.elan/toolchains/leanprover--lean4---v4.28.0 LEAN_AR=/Users/oembo/.elan/toolchains/leanprover--lean4---v4.28.0/bin/llvm-ar LEAN_CC= LAKE_CACHE_DIR=/Users/oembo/.elan/toolchains/leanprover--lean4---v4.28.0/lake/cache LAKE_ARTIFACT_CACHE=false LEAN_PATH=/Users/oembo/Projects/Aurora/theory/.lake/packages/batteries/.lake/build/lib/lean:/Users/oembo/Projects/Aurora/theory/.lake/packages/Qq/.lake/build/lib/lean:/Users/oembo/Projects/Aurora/theory/.lake/packages/aesop/.lake/build/lib/lean:/Users/oembo/Projects/Aurora/theory/.lake/packages/proofwidgets/.lake/build/lib/lean:/Users/oembo/Projects/Aurora/theory/.lake/packages/importGraph/.lake/build/lib/lean:/Users/oembo/Projects/Aurora/theory/.lake/packages/LeanSearchClient/.lake/build/lib/lean:/Users/oembo/Projects/Aurora/theory/.lake/packages/plausible/.lake/build/lib/lean:/Users/oembo/Projects/Aurora/theory/.lake/packages/mathlib/.lake/build/lib/lean:/Users/oembo/Projects/Aurora/theory/.lake/packages/MD4Lean/.lake/build/lib/lean:/Users/oembo/Projects/Aurora/theory/.lake/packages/BibtexQuery/.lake/build/lib/lean:/Users/oembo/Projects/Aurora/theory/.lake/packages/UnicodeBasic/.lake/build/lib/lean:/Users/oembo/Projects/Aurora/theory/.lake/packages/Cli/.lake/build/lib/lean:/Users/oembo/Projects/Aurora/theory/.lake/build/lib/lean:/Users/oembo/Projects/Aurora/theory/.lake/packages/doc-gen4/.lake/build/lib/lean:/Users/oembo/Projects/Aurora/theory/docbuild/.lake/build/lib/lean:/Users/oembo/.elan/toolchains/leanprover--lean4---v4.28.0/lib/lean LEAN_SRC_PATH=/Users/oembo/Projects/Aurora/theory/.lake/packages/batteries:/Users/oembo/Projects/Aurora/theory/.lake/packages/batteries:/Users/oembo/Projects/Aurora/theory/.lake/packages/Qq:/Users/oembo/Projects/Aurora/theory/.lake/packages/Qq:/Users/oembo/Projects/Aurora/theory/.lake/packages/aesop:/Users/oembo/Projects/Aurora/theory/.lake/packages/aesop:/Users/oembo/Projects/Aurora/theory/.lake/packages/proofwidgets:/Users/oembo/Projects/Aurora/theory/.lake/packages/proofwidgets:/Users/oembo/Projects/Aurora/theory/.lake/packages/proofwidgets:/Users/oembo/Projects/Aurora/theory/.lake/packages/importGraph:/Users/oembo/Projects/Aurora/theory/.lake/packages/importGraph:/Users/oembo/Projects/Aurora/theory/.lake/packages/LeanSearchClient:/Users/oembo/Projects/Aurora/theory/.lake/packages/LeanSearchClient:/Users/oembo/Projects/Aurora/theory/.lake/packages/plausible:/Users/oembo/Projects/Aurora/theory/.lake/packages/plausible:/Users/oembo/Projects/Aurora/theory/.lake/packages/mathlib:/Users/oembo/Projects/Aurora/theory/.lake/packages/mathlib:/Users/oembo/Projects/Aurora/theory/.lake/packages/mathlib:/Users/oembo/Projects/Aurora/theory/.lake/packages/mathlib:/Users/oembo/Projects/Aurora/theory/.lake/packages/mathlib:/Users/oembo/Projects/Aurora/theory/.lake/packages/mathlib:/Users/oembo/Projects/Aurora/theory/.lake/packages/MD4Lean:/Users/oembo/Projects/Aurora/theory/.lake/packages/MD4Lean:/Users/oembo/Projects/Aurora/theory/.lake/packages/BibtexQuery:/Users/oembo/Projects/Aurora/theory/.lake/packages/UnicodeBasic:/Users/oembo/Projects/Aurora/theory/.lake/packages/UnicodeBasic:/Users/oembo/Projects/Aurora/theory/.lake/packages/Cli:/Users/oembo/Projects/Aurora/theory/.lake/packages/Cli:/Users/oembo/Projects/Aurora/theory:/Users/oembo/Projects/Aurora/theory:/Users/oembo/Projects/Aurora/theory:/Users/oembo/Projects/Aurora/theory:/Users/oembo/Projects/Aurora/theory/.lake/packages/doc-gen4:/Users/oembo/.elan/toolchains/leanprover--lean4---v4.28.0/src/lean/lake LEAN_GITHASH=7e01a1bf5c70fc6167d49c345d3bf80596e9a79b PATH DYLD_LIBRARY_PATH=/Users/oembo/.elan/toolchains/leanprover--lean4---v4.28.0/lib/lean:/Users/oembo/.elan/toolchains/leanprover--lean4---v4.28.0/lib:/Users/oembo/Projects/Aurora/theory/docbuild/.lake/build/lib:/Users/oembo/Projects/Aurora/theory/.lake/packages/doc-gen4/.lake/build/lib:/Users/oembo/Projects/Aurora/theory/.lake/build/lib:/Users/oembo/Projects/Aurora/theory/.lake/packages/Cli/.lake/build/lib:/Users/oembo/Projects/Aurora/theory/.lake/packages/UnicodeBasic/.lake/build/lib:/Users/oembo/Projects/Aurora/theory/.lake/packages/BibtexQuery/.lake/build/lib:/Users/oembo/Projects/Aurora/theory/.lake/packages/MD4Lean/.lake/build/lib:/Users/oembo/Projects/Aurora/theory/.lake/packages/mathlib/.lake/build/lib:/Users/oembo/Projects/Aurora/theory/.lake/packages/plausible/.lake/build/lib:/Users/oembo/Projects/Aurora/theory/.lake/packages/LeanSearchClient/.lake/build/lib:/Users/oembo/Projects/Aurora/theory/.lake/packages/importGraph/.lake/build/lib:/Users/oembo/Projects/Aurora/theory/.lake/packages/proofwidgets/.lake/build/lib:/Users/oembo/Projects/Aurora/theory/.lake/packages/aesop/.lake/build/lib:/Users/oembo/Projects/Aurora/theory/.lake/packages/Qq/.lake/build/lib:/Users/oembo/Projects/Aurora/theory/.lake/packages/batteries/.lake/build/lib /Users/oembo/Projects/Aurora/theory/.lake/packages/doc-gen4/.lake/build/bin/doc-gen4 single --build /Users/oembo/Projects/Aurora/theory/docbuild/.lake/build Mathlib.Logic.Function.Basic https://github.com/leanprover-community/mathlib4/blob/df5c1e1b57202011acb349cd2f22fcd5cec09bc8/Mathlib/Logic/Function/Basic.lean",
   "level": "trace"}],
 "inputs":
 [["<collection>",
   [["/Users/oembo/Projects/Aurora/theory/docbuild/.lake/build/doc/Mathlib/Data/Set/Defs.html",
     "599aabfb4fff8671"],
    ["/Users/oembo/Projects/Aurora/theory/docbuild/.lake/build/doc/Mathlib/Logic/Basic.html",
     "08e15c15a663bc9c"],
    ["/Users/oembo/Projects/Aurora/theory/docbuild/.lake/build/doc/Mathlib/Logic/Function/Defs.html",
     "ff7cdafbb0789c79"],
    ["/Users/oembo/Projects/Aurora/theory/docbuild/.lake/build/doc/Mathlib/Logic/ExistsUnique.html",
     "ae0b432b6b8936e1"],
    ["/Users/oembo/Projects/Aurora/theory/docbuild/.lake/build/doc/Mathlib/Logic/Nonempty.html",
     "108f7f91214f4654"],
    ["/Users/oembo/Projects/Aurora/theory/docbuild/.lake/build/doc/Mathlib/Logic/Nontrivial/Defs.html",
     "2439e162dd0d40ab"],
    ["/Users/oembo/Projects/Aurora/theory/docbuild/.lake/build/doc/Batteries/Tactic/Init.html",
     "a3a5aa08f70a15e6"],
    ["/Users/oembo/Projects/Aurora/theory/docbuild/.lake/build/doc/Mathlib/Order/Defs/Unbundled.html",
     "31cc19394a335afb"],
    ["/Users/oembo/Projects/Aurora/theory/docbuild/.lake/build/doc/Mathlib/Tactic/Attr/Register.html",
     "e2d9b74abd3d3a92"]]],
  ["/Users/oembo/Projects/Aurora/theory/docbuild/.lake/build/doc-data/references.json",
   "a50f2257f35adb49"],
  ["/Users/oembo/Projects/Aurora/theory/.lake/packages/doc-gen4/.lake/build/bin/doc-gen4",
   "c1a3e21326c6cacc"],
  ["Mathlib.Logic.Function.Basic:leanArts", "d89cccc072739f10"]],
 "depHash": "fbc513d73ff839b7"}