{"synthetic": false,
 "schemaVersion": "2025-09-10",
 "outputs": null,
 "log":
 [{"message":
   ".> ELAN=elan ELAN_HOME=/Users/oembo/.elan ELAN_TOOLCHAIN=leanprover/lean4:v4.28.0 LAKE=/Users/oembo/.elan/toolchains/leanprover--lean4---v4.28.0/bin/lake LAKE_HOME=/Users/oembo/.elan/toolchains/leanprover--lean4---v4.28.0 LAKE_PKG_URL_MAP={} LAKE_NO_CACHE=false LAKE_CACHE_KEY= LAKE_CACHE_ARTIFACT_ENDPOINT= LAKE_CACHE_REVISION_ENDPOINT= LEAN=/Users/oembo/.elan/toolchains/leanprover--lean4---v4.28.0/bin/lean LEAN_SYSROOT=/Users/oembo/.elan/toolchains/leanprover--lean4---v4.28.0 LEAN_AR=/Users/oembo/.elan/toolchains/leanprover--lean4---v4.28.0/bin/llvm-ar LEAN_CC= LAKE_CACHE_DIR=/Users/oembo/.elan/toolchains/leanprover--lean4---v4.28.0/lake/cache LAKE_ARTIFACT_CACHE=false LEAN_PATH=/Users/oembo/Projects/Aurora/theory/.lake/packages/batteries/.lake/build/lib/lean:/Users/oembo/Projects/Aurora/theory/.lake/packages/Qq/.lake/build/lib/lean:/Users/oembo/Projects/Aurora/theory/.lake/packages/aesop/.lake/build/lib/lean:/Users/oembo/Projects/Aurora/theory/.lake/packages/proofwidgets/.lake/build/lib/lean:/Users/oembo/Projects/Aurora/theory/.lake/packages/importGraph/.lake/build/lib/lean:/Users/oembo/Projects/Aurora/theory/.lake/packages/LeanSearchClient/.lake/build/lib/lean:/Users/oembo/Projects/Aurora/theory/.lake/packages/plausible/.lake/build/lib/lean:/Users/oembo/Projects/Aurora/theory/.lake/packages/mathlib/.lake/build/lib/lean:/Users/oembo/Projects/Aurora/theory/.lake/packages/MD4Lean/.lake/build/lib/lean:/Users/oembo/Projects/Aurora/theory/.lake/packages/BibtexQuery/.lake/build/lib/lean:/Users/oembo/Projects/Aurora/theory/.lake/packages/UnicodeBasic/.lake/build/lib/lean:/Users/oembo/Projects/Aurora/theory/.lake/packages/Cli/.lake/build/lib/lean:/Users/oembo/Projects/Aurora/theory/.lake/build/lib/lean:/Users/oembo/Projects/Aurora/theory/.lake/packages/doc-gen4/.lake/build/lib/lean:/Users/oembo/Projects/Aurora/theory/docbuild/.lake/build/lib/lean:/Users/oembo/.elan/toolchains/leanprover--lean4---v4.28.0/lib/lean LEAN_SRC_PATH=/Users/oembo/Projects/Aurora/theory/.lake/packages/batteries:/Users/oembo/Projects/Aurora/theory/.lake/packages/batteries:/Users/oembo/Projects/Aurora/theory/.lake/packages/Qq:/Users/oembo/Projects/Aurora/theory/.lake/packages/Qq:/Users/oembo/Projects/Aurora/theory/.lake/packages/aesop:/Users/oembo/Projects/Aurora/theory/.lake/packages/aesop:/Users/oembo/Projects/Aurora/theory/.lake/packages/proofwidgets:/Users/oembo/Projects/Aurora/theory/.lake/packages/proofwidgets:/Users/oembo/Projects/Aurora/theory/.lake/packages/proofwidgets:/Users/oembo/Projects/Aurora/theory/.lake/packages/importGraph:/Users/oembo/Projects/Aurora/theory/.lake/packages/importGraph:/Users/oembo/Projects/Aurora/theory/.lake/packages/LeanSearchClient:/Users/oembo/Projects/Aurora/theory/.lake/packages/LeanSearchClient:/Users/oembo/Projects/Aurora/theory/.lake/packages/plausible:/Users/oembo/Projects/Aurora/theory/.lake/packages/plausible:/Users/oembo/Projects/Aurora/theory/.lake/packages/mathlib:/Users/oembo/Projects/Aurora/theory/.lake/packages/mathlib:/Users/oembo/Projects/Aurora/theory/.lake/packages/mathlib:/Users/oembo/Projects/Aurora/theory/.lake/packages/mathlib:/Users/oembo/Projects/Aurora/theory/.lake/packages/mathlib:/Users/oembo/Projects/Aurora/theory/.lake/packages/mathlib:/Users/oembo/Projects/Aurora/theory/.lake/packages/MD4Lean:/Users/oembo/Projects/Aurora/theory/.lake/packages/MD4Lean:/Users/oembo/Projects/Aurora/theory/.lake/packages/BibtexQuery:/Users/oembo/Projects/Aurora/theory/.lake/packages/UnicodeBasic:/Users/oembo/Projects/Aurora/theory/.lake/packages/UnicodeBasic:/Users/oembo/Projects/Aurora/theory/.lake/packages/Cli:/Users/oembo/Projects/Aurora/theory/.lake/packages/Cli:/Users/oembo/Projects/Aurora/theory:/Users/oembo/Projects/Aurora/theory:/Users/oembo/Projects/Aurora/theory:/Users/oembo/Projects/Aurora/theory:/Users/oembo/Projects/Aurora/theory/.lake/packages/doc-gen4:/Users/oembo/.elan/toolchains/leanprover--lean4---v4.28.0/src/lean/lake LEAN_GITHASH=7e01a1bf5c70fc6167d49c345d3bf80596e9a79b PATH DYLD_LIBRARY_PATH=/Users/oembo/.elan/toolchains/leanprover--lean4---v4.28.0/lib/lean:/Users/oembo/.elan/toolchains/leanprover--lean4---v4.28.0/lib:/Users/oembo/Projects/Aurora/theory/docbuild/.lake/build/lib:/Users/oembo/Projects/Aurora/theory/.lake/packages/doc-gen4/.lake/build/lib:/Users/oembo/Projects/Aurora/theory/.lake/build/lib:/Users/oembo/Projects/Aurora/theory/.lake/packages/Cli/.lake/build/lib:/Users/oembo/Projects/Aurora/theory/.lake/packages/UnicodeBasic/.lake/build/lib:/Users/oembo/Projects/Aurora/theory/.lake/packages/BibtexQuery/.lake/build/lib:/Users/oembo/Projects/Aurora/theory/.lake/packages/MD4Lean/.lake/build/lib:/Users/oembo/Projects/Aurora/theory/.lake/packages/mathlib/.lake/build/lib:/Users/oembo/Projects/Aurora/theory/.lake/packages/plausible/.lake/build/lib:/Users/oembo/Projects/Aurora/theory/.lake/packages/LeanSearchClient/.lake/build/lib:/Users/oembo/Projects/Aurora/theory/.lake/packages/importGraph/.lake/build/lib:/Users/oembo/Projects/Aurora/theory/.lake/packages/proofwidgets/.lake/build/lib:/Users/oembo/Projects/Aurora/theory/.lake/packages/aesop/.lake/build/lib:/Users/oembo/Projects/Aurora/theory/.lake/packages/Qq/.lake/build/lib:/Users/oembo/Projects/Aurora/theory/.lake/packages/batteries/.lake/build/lib /Users/oembo/Projects/Aurora/theory/.lake/packages/doc-gen4/.lake/build/bin/doc-gen4 single --build /Users/oembo/Projects/Aurora/theory/docbuild/.lake/build Aesop.Script.SpecificTactics https://github.com/leanprover-community/aesop/blob/f642a64c76df8ba9cb53dba3b919425a0c2aeaf1/Aesop/Script/SpecificTactics.lean",
   "level": "trace"}],
 "inputs":
 [["<collection>",
   [["/Users/oembo/Projects/Aurora/theory/docbuild/.lake/build/doc/Aesop/Util/Tactic.html",
     "1e321b6850bfe207"],
    ["/Users/oembo/Projects/Aurora/theory/docbuild/.lake/build/doc/Aesop/Util/Tactic/Ext.html",
     "a4725a19b2ceaf52"],
    ["/Users/oembo/Projects/Aurora/theory/docbuild/.lake/build/doc/Aesop/Util/Tactic/Unfold.html",
     "6eb6f52ac56fca79"],
    ["/Users/oembo/Projects/Aurora/theory/docbuild/.lake/build/doc/Aesop/Util/Unfold.html",
     "d87bef16c842d02b"],
    ["/Users/oembo/Projects/Aurora/theory/docbuild/.lake/build/doc/Aesop/Script/CtorNames.html",
     "16a89e0b84c63b1c"],
    ["/Users/oembo/Projects/Aurora/theory/docbuild/.lake/build/doc/Aesop/Script/ScriptM.html",
     "8f294e337c07a92d"],
    ["/Users/oembo/Projects/Aurora/theory/docbuild/.lake/build/doc/Batteries/Lean/Meta/Inaccessible.html",
     "3af0a0685281ef02"]]],
  ["/Users/oembo/Projects/Aurora/theory/docbuild/.lake/build/doc-data/references.json",
   "a50f2257f35adb49"],
  ["/Users/oembo/Projects/Aurora/theory/.lake/packages/doc-gen4/.lake/build/bin/doc-gen4",
   "c1a3e21326c6cacc"],
  ["Aesop.Script.SpecificTactics:leanArts", "7bff820a75859ef7"]],
 "depHash": "ef4d231b1345afef"}