{"synthetic": false,
 "schemaVersion": "2025-09-10",
 "outputs": null,
 "log":
 [{"message":
   ".> ELAN=elan ELAN_HOME=/Users/oembo/.elan ELAN_TOOLCHAIN=leanprover/lean4:v4.28.0 LAKE=/Users/oembo/.elan/toolchains/leanprover--lean4---v4.28.0/bin/lake LAKE_HOME=/Users/oembo/.elan/toolchains/leanprover--lean4---v4.28.0 LAKE_PKG_URL_MAP={} LAKE_NO_CACHE=false LAKE_CACHE_KEY= LAKE_CACHE_ARTIFACT_ENDPOINT= LAKE_CACHE_REVISION_ENDPOINT= LEAN=/Users/oembo/.elan/toolchains/leanprover--lean4---v4.28.0/bin/lean LEAN_SYSROOT=/Users/oembo/.elan/toolchains/leanprover--lean4---v4.28.0 LEAN_AR=/Users/oembo/.elan/toolchains/leanprover--lean4---v4.28.0/bin/llvm-ar LEAN_CC= LAKE_CACHE_DIR=/Users/oembo/.elan/toolchains/leanprover--lean4---v4.28.0/lake/cache LAKE_ARTIFACT_CACHE=false LEAN_PATH=/Users/oembo/Projects/Aurora/theory/.lake/packages/batteries/.lake/build/lib/lean:/Users/oembo/Projects/Aurora/theory/.lake/packages/Qq/.lake/build/lib/lean:/Users/oembo/Projects/Aurora/theory/.lake/packages/aesop/.lake/build/lib/lean:/Users/oembo/Projects/Aurora/theory/.lake/packages/proofwidgets/.lake/build/lib/lean:/Users/oembo/Projects/Aurora/theory/.lake/packages/importGraph/.lake/build/lib/lean:/Users/oembo/Projects/Aurora/theory/.lake/packages/LeanSearchClient/.lake/build/lib/lean:/Users/oembo/Projects/Aurora/theory/.lake/packages/plausible/.lake/build/lib/lean:/Users/oembo/Projects/Aurora/theory/.lake/packages/mathlib/.lake/build/lib/lean:/Users/oembo/Projects/Aurora/theory/.lake/packages/MD4Lean/.lake/build/lib/lean:/Users/oembo/Projects/Aurora/theory/.lake/packages/BibtexQuery/.lake/build/lib/lean:/Users/oembo/Projects/Aurora/theory/.lake/packages/UnicodeBasic/.lake/build/lib/lean:/Users/oembo/Projects/Aurora/theory/.lake/packages/Cli/.lake/build/lib/lean:/Users/oembo/Projects/Aurora/theory/.lake/build/lib/lean:/Users/oembo/Projects/Aurora/theory/.lake/packages/doc-gen4/.lake/build/lib/lean:/Users/oembo/Projects/Aurora/theory/docbuild/.lake/build/lib/lean:/Users/oembo/.elan/toolchains/leanprover--lean4---v4.28.0/lib/lean LEAN_SRC_PATH=/Users/oembo/Projects/Aurora/theory/.lake/packages/batteries:/Users/oembo/Projects/Aurora/theory/.lake/packages/batteries:/Users/oembo/Projects/Aurora/theory/.lake/packages/Qq:/Users/oembo/Projects/Aurora/theory/.lake/packages/Qq:/Users/oembo/Projects/Aurora/theory/.lake/packages/aesop:/Users/oembo/Projects/Aurora/theory/.lake/packages/aesop:/Users/oembo/Projects/Aurora/theory/.lake/packages/proofwidgets:/Users/oembo/Projects/Aurora/theory/.lake/packages/proofwidgets:/Users/oembo/Projects/Aurora/theory/.lake/packages/proofwidgets:/Users/oembo/Projects/Aurora/theory/.lake/packages/importGraph:/Users/oembo/Projects/Aurora/theory/.lake/packages/importGraph:/Users/oembo/Projects/Aurora/theory/.lake/packages/LeanSearchClient:/Users/oembo/Projects/Aurora/theory/.lake/packages/LeanSearchClient:/Users/oembo/Projects/Aurora/theory/.lake/packages/plausible:/Users/oembo/Projects/Aurora/theory/.lake/packages/plausible:/Users/oembo/Projects/Aurora/theory/.lake/packages/mathlib:/Users/oembo/Projects/Aurora/theory/.lake/packages/mathlib:/Users/oembo/Projects/Aurora/theory/.lake/packages/mathlib:/Users/oembo/Projects/Aurora/theory/.lake/packages/mathlib:/Users/oembo/Projects/Aurora/theory/.lake/packages/mathlib:/Users/oembo/Projects/Aurora/theory/.lake/packages/mathlib:/Users/oembo/Projects/Aurora/theory/.lake/packages/MD4Lean:/Users/oembo/Projects/Aurora/theory/.lake/packages/MD4Lean:/Users/oembo/Projects/Aurora/theory/.lake/packages/BibtexQuery:/Users/oembo/Projects/Aurora/theory/.lake/packages/UnicodeBasic:/Users/oembo/Projects/Aurora/theory/.lake/packages/UnicodeBasic:/Users/oembo/Projects/Aurora/theory/.lake/packages/Cli:/Users/oembo/Projects/Aurora/theory/.lake/packages/Cli:/Users/oembo/Projects/Aurora/theory:/Users/oembo/Projects/Aurora/theory:/Users/oembo/Projects/Aurora/theory:/Users/oembo/Projects/Aurora/theory:/Users/oembo/Projects/Aurora/theory/.lake/packages/doc-gen4:/Users/oembo/.elan/toolchains/leanprover--lean4---v4.28.0/src/lean/lake LEAN_GITHASH=7e01a1bf5c70fc6167d49c345d3bf80596e9a79b PATH DYLD_LIBRARY_PATH=/Users/oembo/.elan/toolchains/leanprover--lean4---v4.28.0/lib/lean:/Users/oembo/.elan/toolchains/leanprover--lean4---v4.28.0/lib:/Users/oembo/Projects/Aurora/theory/docbuild/.lake/build/lib:/Users/oembo/Projects/Aurora/theory/.lake/packages/doc-gen4/.lake/build/lib:/Users/oembo/Projects/Aurora/theory/.lake/build/lib:/Users/oembo/Projects/Aurora/theory/.lake/packages/Cli/.lake/build/lib:/Users/oembo/Projects/Aurora/theory/.lake/packages/UnicodeBasic/.lake/build/lib:/Users/oembo/Projects/Aurora/theory/.lake/packages/BibtexQuery/.lake/build/lib:/Users/oembo/Projects/Aurora/theory/.lake/packages/MD4Lean/.lake/build/lib:/Users/oembo/Projects/Aurora/theory/.lake/packages/mathlib/.lake/build/lib:/Users/oembo/Projects/Aurora/theory/.lake/packages/plausible/.lake/build/lib:/Users/oembo/Projects/Aurora/theory/.lake/packages/LeanSearchClient/.lake/build/lib:/Users/oembo/Projects/Aurora/theory/.lake/packages/importGraph/.lake/build/lib:/Users/oembo/Projects/Aurora/theory/.lake/packages/proofwidgets/.lake/build/lib:/Users/oembo/Projects/Aurora/theory/.lake/packages/aesop/.lake/build/lib:/Users/oembo/Projects/Aurora/theory/.lake/packages/Qq/.lake/build/lib:/Users/oembo/Projects/Aurora/theory/.lake/packages/batteries/.lake/build/lib /Users/oembo/Projects/Aurora/theory/.lake/packages/doc-gen4/.lake/build/bin/doc-gen4 single --build /Users/oembo/Projects/Aurora/theory/docbuild/.lake/build Mathlib.Analysis.Normed.Group.Basic https://github.com/leanprover-community/mathlib4/blob/df5c1e1b57202011acb349cd2f22fcd5cec09bc8/Mathlib/Analysis/Normed/Group/Basic.lean",
   "level": "trace"},
  {"message":
   "stdout:\nWARNING: Failed to calculate equational lemmata for Mathlib.Meta.Positivity.evalMulNorm: unquoteExpr: __result.2.1 : Lean.Expr\nWARNING: Failed to calculate equational lemmata for Mathlib.Meta.Positivity.evalAddNorm: unquoteExpr: __result.2.1 : Lean.Expr",
   "level": "info"}],
 "inputs":
 [["<collection>",
   [["/Users/oembo/Projects/Aurora/theory/docbuild/.lake/build/doc/Mathlib/Analysis/Normed/Group/Defs.html",
     "b39f99f5f9d185c2"],
    ["/Users/oembo/Projects/Aurora/theory/docbuild/.lake/build/doc/Mathlib/Data/NNReal/Basic.html",
     "3c3da313761e2458"],
    ["/Users/oembo/Projects/Aurora/theory/docbuild/.lake/build/doc/Mathlib/Topology/Algebra/Support.html",
     "827801a15b1b3f50"],
    ["/Users/oembo/Projects/Aurora/theory/docbuild/.lake/build/doc/Mathlib/Topology/MetricSpace/Basic.html",
     "cc50565c9df24893"]]],
  ["/Users/oembo/Projects/Aurora/theory/docbuild/.lake/build/doc-data/references.json",
   "a50f2257f35adb49"],
  ["/Users/oembo/Projects/Aurora/theory/.lake/packages/doc-gen4/.lake/build/bin/doc-gen4",
   "c1a3e21326c6cacc"],
  ["Mathlib.Analysis.Normed.Group.Basic:leanArts", "2c14c5a162a7e600"]],
 "depHash": "2b951d17fbef31a2"}