{"synthetic": false,
 "schemaVersion": "2025-09-10",
 "outputs": null,
 "log":
 [{"message": "Documentation indexing", "level": "info"},
  {"message":
   ".> /Users/oembo/Projects/Aurora/theory/.lake/packages/doc-gen4/.lake/build/bin/doc-gen4 index --build /Users/oembo/Projects/Aurora/theory/docbuild/.lake/build",
   "level": "trace"}],
 "inputs":
 [["/Users/oembo/Projects/Aurora/theory/docbuild/.lake/build/doc-data/references.json",
   "a50f2257f35adb49"],
  ["/Users/oembo/Projects/Aurora/theory/.lake/packages/doc-gen4/.lake/build/bin/doc-gen4",
   "c1a3e21326c6cacc"],
  ["<nil>", "693a81cbc883e942"],
  ["<collection>",
   [["/Users/oembo/Projects/Aurora/theory/docbuild/.lake/build/doc/PGCL/Exp.html",
     "ae01ff7f2e6bf219"],
    ["/Users/oembo/Projects/Aurora/theory/docbuild/.lake/build/doc/PGCL/ProbExp.html",
     "da55df930a795d89"],
    ["/Users/oembo/Projects/Aurora/theory/docbuild/.lake/build/doc/PGCL/pGCL.html",
     "7dbccc5d4eeb4567"],
    ["/Users/oembo/Projects/Aurora/theory/docbuild/.lake/build/doc/PGCL/Conf.html",
     "64a6f1827fd902d5"],
    ["/Users/oembo/Projects/Aurora/theory/docbuild/.lake/build/doc/PGCL/SmallStep.html",
     "8c9d824412497090"],
    ["/Users/oembo/Projects/Aurora/theory/docbuild/.lake/build/doc/PGCL/WeakestPre.html",
     "07626cfa56044fc4"],
    ["/Users/oembo/Projects/Aurora/theory/docbuild/.lake/build/doc/PGCL/WeakestLiberalPre.html",
     "24764da604cf462c"],
    ["/Users/oembo/Projects/Aurora/theory/docbuild/.lake/build/doc/PGCL/OperationalSemantics.html",
     "5176dd083c6568db"],
    ["/Users/oembo/Projects/Aurora/theory/docbuild/.lake/build/doc/PGCL/KInduction.html",
     "a9b327a7054dd0c2"],
    ["/Users/oembo/Projects/Aurora/theory/docbuild/.lake/build/doc/PGCL/ProofRules.html",
     "8bf40ff327173f0a"],
    ["/Users/oembo/Projects/Aurora/theory/docbuild/.lake/build/doc/PGCL/Fix.html",
     "bb61943323e9c502"],
    ["/Users/oembo/Projects/Aurora/theory/docbuild/.lake/build/doc/PGCL/IdleInduction.html",
     "0476697e825d43b6"],
    ["/Users/oembo/Projects/Aurora/theory/docbuild/.lake/build/doc/PGCL.html",
     "f107919f03d9f73e"]]]],
 "depHash": "5693135278599c78"}